<?xml version="1.0" encoding="UTF-8"?>
<!-- Generated by org.testng.reporters.JUnitXMLReporter -->
<testsuite ignored="0" hostname="DESKTOP-HBQHH4L" failures="1" tests="1" name="Surefire test" time="19.481" errors="0" timestamp="2025-12-28T21:27:20 IST">
  <testcase classname="AutomationTesting.SalesforceLoginTest" name="loginToSalesforce" time="9.51">
    <failure type="java.lang.AssertionError" message="Login failed or not redirected to Lightning Home page expected [true] but found [false]">
      <![CDATA[java.lang.AssertionError: Login failed or not redirected to Lightning Home page expected [true] but found [false]
at AutomationTesting.SalesforceLoginTest.loginToSalesforce(SalesforceLoginTest.java:48)
at java.base/java.util.ArrayList.forEach(ArrayList.java:1596)
... Removed 33 stack frames]]>
    </failure>
  </testcase> <!-- loginToSalesforce -->
</testsuite> <!-- Surefire test -->
